Started GET "/" for 127.0.0.1 at 2024-11-19 20:05:14 -0600
  [1m[35m (21.3ms)[0m  [1m[35mCREATE TABLE "schema_migrations" ("version" varchar NOT NULL PRIMARY KEY)[0m
  [1m[35m (0.5ms)[0m  [1m[35mCREATE TABLE "ar_internal_metadata" ("key" varchar NOT NULL PRIMARY KEY, "value" varchar, "created_at" datetime(6) NOT NULL, "updated_at" datetime(6) NOT NULL)[0m
  [1m[36mActiveRecord::SchemaMigration Load (0.2ms)[0m  [1m[34mSELECT "schema_migrations"."version" FROM "schema_migrations" ORDER BY "schema_migrations"."version" ASC[0m
  
ActiveRecord::PendingMigrationError (

Migrations are pending. To resolve this issue, run:

        bin/rails db:migrate

You have 6 pending migrations:

db/migrate/20241025210705_create_articles.rb
db/migrate/20241027011240_create_comments.rb
db/migrate/20241031204818_devise_create_users.rb
db/migrate/20241111215323_add_user_to_articles.rb
db/migrate/20241111222308_remove_user_from_articles.rb
db/migrate/20241119202847_add_user_id_to_comments.rb


):
  
activerecord (7.2.2) lib/active_record/migration.rb:756:in `check_pending_migrations'
activerecord (7.2.2) lib/active_record/migration.rb:663:in `block (2 levels) in call'
activesupport (7.2.2) lib/active_support/file_update_checker.rb:85:in `execute'
activerecord (7.2.2) lib/active_record/migration.rb:668:in `block in call'
activerecord (7.2.2) lib/active_record/migration.rb:660:in `synchronize'
activerecord (7.2.2) lib/active_record/migration.rb:660:in `call'
actionpack (7.2.2) lib/action_dispatch/middleware/callbacks.rb:31:in `block in call'
activesupport (7.2.2) lib/active_support/callbacks.rb:101:in `run_callbacks'
actionpack (7.2.2) lib/action_dispatch/middleware/callbacks.rb:30:in `call'
actionpack (7.2.2) lib/action_dispatch/middleware/executor.rb:16:in `call'
actionpack (7.2.2) lib/action_dispatch/middleware/actionable_exceptions.rb:18:in `call'
actionpack (7.2.2) lib/action_dispatch/middleware/debug_exceptions.rb:31:in `call'
web-console (4.2.1) lib/web_console/middleware.rb:132:in `call_app'
web-console (4.2.1) lib/web_console/middleware.rb:28:in `block in call'
web-console (4.2.1) lib/web_console/middleware.rb:17:in `catch'
web-console (4.2.1) lib/web_console/middleware.rb:17:in `call'
actionpack (7.2.2) lib/action_dispatch/middleware/show_exceptions.rb:32:in `call'
railties (7.2.2) lib/rails/rack/logger.rb:41:in `call_app'
railties (7.2.2) lib/rails/rack/logger.rb:29:in `call'
sprockets-rails (3.5.2) lib/sprockets/rails/quiet_assets.rb:17:in `call'
actionpack (7.2.2) lib/action_dispatch/middleware/remote_ip.rb:96:in `call'
actionpack (7.2.2) lib/action_dispatch/middleware/request_id.rb:33:in `call'
rack (3.1.8) lib/rack/method_override.rb:28:in `call'
rack (3.1.8) lib/rack/runtime.rb:24:in `call'
activesupport (7.2.2) lib/active_support/cache/strategy/local_cache_middleware.rb:29:in `call'
actionpack (7.2.2) lib/action_dispatch/middleware/server_timing.rb:61:in `block in call'
actionpack (7.2.2) lib/action_dispatch/middleware/server_timing.rb:26:in `collect_events'
actionpack (7.2.2) lib/action_dispatch/middleware/server_timing.rb:60:in `call'
actionpack (7.2.2) lib/action_dispatch/middleware/executor.rb:16:in `call'
actionpack (7.2.2) lib/action_dispatch/middleware/static.rb:27:in `call'
rack (3.1.8) lib/rack/sendfile.rb:114:in `call'
actionpack (7.2.2) lib/action_dispatch/middleware/host_authorization.rb:143:in `call'
railties (7.2.2) lib/rails/engine.rb:535:in `call'
puma (6.4.3) lib/puma/configuration.rb:272:in `call'
puma (6.4.3) lib/puma/request.rb:100:in `block in handle_request'
puma (6.4.3) lib/puma/thread_pool.rb:378:in `with_force_shutdown'
puma (6.4.3) lib/puma/request.rb:99:in `handle_request'
puma (6.4.3) lib/puma/server.rb:464:in `process_client'
puma (6.4.3) lib/puma/server.rb:245:in `block in run'
puma (6.4.3) lib/puma/thread_pool.rb:155:in `block in spawn_thread'
  [1m[36mActiveRecord::InternalMetadata Load (0.1ms)[0m  [1m[34mSELECT * FROM "ar_internal_metadata" WHERE "ar_internal_metadata"."key" = ? ORDER BY "ar_internal_metadata"."key" ASC LIMIT 1[0m  [[nil, "environment"]]
  [1m[36mActiveRecord::InternalMetadata Create (16.2ms)[0m  [1m[32mINSERT INTO "ar_internal_metadata" ("key", "value", "created_at", "updated_at") VALUES ('environment', 'development', '2024-11-20 02:06:00.013364', '2024-11-20 02:06:00.013367') RETURNING "key"[0m
  [1m[36mActiveRecord::SchemaMigration Load (0.1ms)[0m  [1m[34mSELECT "schema_migrations"."version" FROM "schema_migrations" ORDER BY "schema_migrations"."version" ASC[0m
Migrating to CreateArticles (20241025210705)
  [1m[36mTRANSACTION (0.1ms)[0m  [1m[36mbegin transaction[0m
  [1m[35m (1.1ms)[0m  [1m[35mCREATE TABLE "articles" ("id" integer PRIMARY KEY AUTOINCREMENT NOT NULL, "title" varchar, "text" text, "created_at" datetime(6) NOT NULL, "updated_at" datetime(6) NOT NULL)[0m
  [1m[36mActiveRecord::SchemaMigration Create (0.1ms)[0m  [1m[32mINSERT INTO "schema_migrations" ("version") VALUES ('20241025210705') RETURNING "version"[0m
  [1m[36mTRANSACTION (0.4ms)[0m  [1m[36mcommit transaction[0m
Migrating to CreateComments (20241027011240)
  [1m[36mTRANSACTION (0.1ms)[0m  [1m[36mbegin transaction[0m
  [1m[35m (0.7ms)[0m  [1m[35mCREATE TABLE "comments" ("id" integer PRIMARY KEY AUTOINCREMENT NOT NULL, "commenter" varchar, "body" text, "article_id" integer NOT NULL, "created_at" datetime(6) NOT NULL, "updated_at" datetime(6) NOT NULL, CONSTRAINT "fk_rails_3bf61a60d3"
FOREIGN KEY ("article_id")
  REFERENCES "articles" ("id")
)[0m
  [1m[35m (0.1ms)[0m  [1m[35mCREATE INDEX "index_comments_on_article_id" ON "comments" ("article_id")[0m
  [1m[36mActiveRecord::SchemaMigration Create (0.1ms)[0m  [1m[32mINSERT INTO "schema_migrations" ("version") VALUES ('20241027011240') RETURNING "version"[0m
  [1m[36mTRANSACTION (0.4ms)[0m  [1m[36mcommit transaction[0m
Migrating to DeviseCreateUsers (20241031204818)
  [1m[36mTRANSACTION (0.1ms)[0m  [1m[36mbegin transaction[0m
  [1m[35m (1.7ms)[0m  [1m[35mCREATE TABLE "users" ("id" integer PRIMARY KEY AUTOINCREMENT NOT NULL, "email" varchar DEFAULT '' NOT NULL, "encrypted_password" varchar DEFAULT '' NOT NULL, "reset_password_token" varchar, "reset_password_sent_at" datetime(6), "remember_created_at" datetime(6), "created_at" datetime(6) NOT NULL, "updated_at" datetime(6) NOT NULL)[0m
  [1m[35m (0.1ms)[0m  [1m[35mCREATE UNIQUE INDEX "index_users_on_email" ON "users" ("email")[0m
  [1m[35m (0.1ms)[0m  [1m[35mCREATE UNIQUE INDEX "index_users_on_reset_password_token" ON "users" ("reset_password_token")[0m
  [1m[36mActiveRecord::SchemaMigration Create (0.1ms)[0m  [1m[32mINSERT INTO "schema_migrations" ("version") VALUES ('20241031204818') RETURNING "version"[0m
  [1m[36mTRANSACTION (0.5ms)[0m  [1m[36mcommit transaction[0m
Migrating to AddUserToArticles (20241111215323)
  [1m[36mTRANSACTION (0.1ms)[0m  [1m[36mbegin transaction[0m
  [1m[35m (3.2ms)[0m  [1m[35mALTER TABLE "articles" ADD "user_id" integer[0m
  [1m[36mActiveRecord::SchemaMigration Create (0.1ms)[0m  [1m[32mINSERT INTO "schema_migrations" ("version") VALUES ('20241111215323') RETURNING "version"[0m
  [1m[36mTRANSACTION (0.3ms)[0m  [1m[36mcommit transaction[0m
Migrating to RemoveUserFromArticles (20241111222308)
  [1m[36mTRANSACTION (0.1ms)[0m  [1m[36mbegin transaction[0m
  [1m[35m (0.0ms)[0m  [1m[35mPRAGMA foreign_keys[0m
  [1m[35m (0.0ms)[0m  [1m[35mPRAGMA defer_foreign_keys[0m
  [1m[35m (0.0ms)[0m  [1m[35mPRAGMA defer_foreign_keys = ON[0m
  [1m[35m (0.0ms)[0m  [1m[35mPRAGMA foreign_keys = OFF[0m
  [1m[35m (0.1ms)[0m  [1m[35mCREATE TEMPORARY TABLE "aarticles" ("id" integer PRIMARY KEY AUTOINCREMENT NOT NULL, "title" varchar, "text" text, "created_at" datetime(6) NOT NULL, "updated_at" datetime(6) NOT NULL, "user_id" integer)[0m
  [1m[35m (0.0ms)[0m  [1m[32mINSERT INTO "aarticles" ("id","title","text","created_at","updated_at","user_id")
                     SELECT "id","title","text","created_at","updated_at","user_id" FROM "articles"[0m
  [1m[35m (0.1ms)[0m  [1m[35mDROP TABLE "articles"[0m
  [1m[35m (1.2ms)[0m  [1m[35mCREATE TABLE "articles" ("id" integer PRIMARY KEY AUTOINCREMENT NOT NULL, "title" varchar, "text" text, "created_at" datetime(6) NOT NULL, "updated_at" datetime(6) NOT NULL, "user_id" integer)[0m
  [1m[35m (0.1ms)[0m  [1m[32mINSERT INTO "articles" ("id","title","text","created_at","updated_at","user_id")
                     SELECT "id","title","text","created_at","updated_at","user_id" FROM "aarticles"[0m
  [1m[35m (0.1ms)[0m  [1m[35mDROP TABLE "aarticles"[0m
  [1m[35m (0.0ms)[0m  [1m[35mPRAGMA defer_foreign_keys = 0[0m
  [1m[35m (0.0ms)[0m  [1m[35mPRAGMA foreign_keys = 1[0m
  [1m[36mActiveRecord::SchemaMigration Create (0.1ms)[0m  [1m[32mINSERT INTO "schema_migrations" ("version") VALUES ('20241111222308') RETURNING "version"[0m
  [1m[36mTRANSACTION (0.4ms)[0m  [1m[36mcommit transaction[0m
Migrating to AddUserIdToComments (20241119202847)
  [1m[36mTRANSACTION (0.1ms)[0m  [1m[36mbegin transaction[0m
  [1m[35m (3.7ms)[0m  [1m[35mALTER TABLE "comments" ADD "user_id" integer[0m
  [1m[36mActiveRecord::SchemaMigration Create (0.2ms)[0m  [1m[32mINSERT INTO "schema_migrations" ("version") VALUES ('20241119202847') RETURNING "version"[0m
  [1m[36mTRANSACTION (0.3ms)[0m  [1m[36mcommit transaction[0m
  [1m[36mActiveRecord::SchemaMigration Load (0.0ms)[0m  [1m[34mSELECT "schema_migrations"."version" FROM "schema_migrations" ORDER BY "schema_migrations"."version" ASC[0m
  [1m[36mActiveRecord::SchemaMigration Load (0.1ms)[0m  [1m[34mSELECT "schema_migrations"."version" FROM "schema_migrations" ORDER BY "schema_migrations"."version" ASC[0m
Started GET "/" for 127.0.0.1 at 2024-11-19 20:07:11 -0600
  [1m[36mActiveRecord::SchemaMigration Load (0.2ms)[0m  [1m[34mSELECT "schema_migrations"."version" FROM "schema_migrations" ORDER BY "schema_migrations"."version" ASC[0m
Processing by WelcomeController#index as HTML
  Rendering layout layouts/application.html.erb
  Rendering welcome/index.html.erb within layouts/application
  Rendered welcome/index.html.erb within layouts/application (Duration: 16.6ms | GC: 0.1ms)
  Rendered layout layouts/application.html.erb (Duration: 931.9ms | GC: 24.8ms)
Completed 200 OK in 948ms (Views: 935.9ms | ActiveRecord: 0.0ms (0 queries, 0 cached) | GC: 25.3ms)


  
ActionController::RoutingError (No route matches [GET] "/assets/freelancer.min.js"):
  
  
ActionController::RoutingError (No route matches [GET] "/assets/freelancer.min.js"):
  
Started GET "/fonts/fontawesome-webfont.woff2?v=4.7.0" for 127.0.0.1 at 2024-11-19 20:07:13 -0600
  
ActionController::RoutingError (No route matches [GET] "/fonts/fontawesome-webfont.woff2"):
  
Started GET "/fonts/fontawesome-webfont.woff?v=4.7.0" for 127.0.0.1 at 2024-11-19 20:07:14 -0600
  
ActionController::RoutingError (No route matches [GET] "/fonts/fontawesome-webfont.woff"):
  
Started GET "/fonts/fontawesome-webfont.ttf?v=4.7.0" for 127.0.0.1 at 2024-11-19 20:07:14 -0600
  
ActionController::RoutingError (No route matches [GET] "/fonts/fontawesome-webfont.ttf"):
  
Started GET "/users/sign_in" for 127.0.0.1 at 2024-11-19 20:07:21 -0600
Processing by Devise::SessionsController#new as HTML
  Rendering layout layouts/application.html.erb
  Rendering devise/sessions/new.html.erb within layouts/application
  Rendered devise/shared/_links.html.erb (Duration: 1.0ms | GC: 0.0ms)
  Rendered devise/sessions/new.html.erb within layouts/application (Duration: 38.9ms | GC: 0.3ms)
  Rendered layout layouts/application.html.erb (Duration: 44.4ms | GC: 0.5ms)
Completed 200 OK in 61ms (Views: 47.9ms | ActiveRecord: 2.6ms (0 queries, 0 cached) | GC: 1.1ms)


Started GET "/users/sign_in" for 127.0.0.1 at 2024-11-19 20:07:26 -0600
Processing by Devise::SessionsController#new as HTML
  Rendering layout layouts/application.html.erb
  Rendering devise/sessions/new.html.erb within layouts/application
  Rendered devise/shared/_links.html.erb (Duration: 0.2ms | GC: 0.0ms)
  Rendered devise/sessions/new.html.erb within layouts/application (Duration: 2.3ms | GC: 0.0ms)
  Rendered layout layouts/application.html.erb (Duration: 5.2ms | GC: 0.1ms)
Completed 200 OK in 7ms (Views: 5.7ms | ActiveRecord: 0.0ms (0 queries, 0 cached) | GC: 0.2ms)


Started GET "/users/sign_up" for 127.0.0.1 at 2024-11-19 20:07:28 -0600
Processing by Devise::RegistrationsController#new as HTML
  Rendering layout layouts/application.html.erb
  Rendering devise/registrations/new.html.erb within layouts/application
  Rendered devise/shared/_error_messages.html.erb (Duration: 0.3ms | GC: 0.0ms)
  Rendered devise/shared/_links.html.erb (Duration: 0.2ms | GC: 0.0ms)
  Rendered devise/registrations/new.html.erb within layouts/application (Duration: 5.2ms | GC: 0.1ms)
  Rendered layout layouts/application.html.erb (Duration: 7.0ms | GC: 0.2ms)
Completed 200 OK in 12ms (Views: 10.5ms | ActiveRecord: 0.0ms (0 queries, 0 cached) | GC: 0.2ms)


Started GET "/users/assets/profile.png" for 127.0.0.1 at 2024-11-19 20:07:30 -0600
  
ActionController::RoutingError (No route matches [GET] "/users/assets/profile.png"):
  
Started GET "/users/assets/jquery.min.js" for 127.0.0.1 at 2024-11-19 20:07:30 -0600
Started GET "/users/assets/bootstrap.bundle.min.js" for 127.0.0.1 at 2024-11-19 20:07:30 -0600
  
ActionController::RoutingError (No route matches [GET] "/users/assets/jquery.min.js"):
  
  
ActionController::RoutingError (No route matches [GET] "/users/assets/bootstrap.bundle.min.js"):
  
Started GET "/users/assets/jqBootstrapValidation.js" for 127.0.0.1 at 2024-11-19 20:07:30 -0600
  
ActionController::RoutingError (No route matches [GET] "/users/assets/jqBootstrapValidation.js"):
  
Started GET "/" for 127.0.0.1 at 2024-11-19 20:07:30 -0600
Processing by WelcomeController#index as HTML
  Rendering layout layouts/application.html.erb
  Rendering welcome/index.html.erb within layouts/application
  Rendered welcome/index.html.erb within layouts/application (Duration: 0.7ms | GC: 0.0ms)
  Rendered layout layouts/application.html.erb (Duration: 2.9ms | GC: 0.2ms)
Completed 200 OK in 4ms (Views: 3.3ms | ActiveRecord: 0.0ms (0 queries, 0 cached) | GC: 0.2ms)


Started GET "/users/assets/freelancer.min.js" for 127.0.0.1 at 2024-11-19 20:07:30 -0600
  
ActionController::RoutingError (No route matches [GET] "/users/assets/freelancer.min.js"):
  
Started GET "/users/sign_in" for 127.0.0.1 at 2024-11-19 20:07:32 -0600
Processing by Devise::SessionsController#new as HTML
  Rendering layout layouts/application.html.erb
  Rendering devise/sessions/new.html.erb within layouts/application
  Rendered devise/shared/_links.html.erb (Duration: 0.1ms | GC: 0.0ms)
  Rendered devise/sessions/new.html.erb within layouts/application (Duration: 2.7ms | GC: 0.0ms)
  Rendered layout layouts/application.html.erb (Duration: 5.5ms | GC: 0.1ms)
Completed 200 OK in 7ms (Views: 6.0ms | ActiveRecord: 0.0ms (0 queries, 0 cached) | GC: 0.2ms)


Started GET "/users/assets/bootstrap.bundle.min.js" for 127.0.0.1 at 2024-11-19 20:07:33 -0600
Started GET "/users/assets/jquery.min.js" for 127.0.0.1 at 2024-11-19 20:07:33 -0600
  
ActionController::RoutingError (No route matches [GET] "/users/assets/bootstrap.bundle.min.js"):
  
  
ActionController::RoutingError (No route matches [GET] "/users/assets/jquery.min.js"):
  
Started GET "/users/assets/jqBootstrapValidation.js" for 127.0.0.1 at 2024-11-19 20:07:33 -0600
  
ActionController::RoutingError (No route matches [GET] "/users/assets/jqBootstrapValidation.js"):
  
Started GET "/users/assets/freelancer.min.js" for 127.0.0.1 at 2024-11-19 20:07:34 -0600
  
ActionController::RoutingError (No route matches [GET] "/users/assets/freelancer.min.js"):
  
Started GET "/users/sign_up" for 127.0.0.1 at 2024-11-19 20:07:34 -0600
Processing by Devise::RegistrationsController#new as HTML
  Rendering layout layouts/application.html.erb
  Rendering devise/registrations/new.html.erb within layouts/application
  Rendered devise/shared/_error_messages.html.erb (Duration: 0.1ms | GC: 0.0ms)
  Rendered devise/shared/_links.html.erb (Duration: 0.2ms | GC: 0.0ms)
  Rendered devise/registrations/new.html.erb within layouts/application (Duration: 8.2ms | GC: 0.1ms)
  Rendered layout layouts/application.html.erb (Duration: 19.3ms | GC: 0.9ms)
Completed 200 OK in 54ms (Views: 24.6ms | ActiveRecord: 0.0ms (0 queries, 0 cached) | GC: 1.0ms)


Started GET "/users/sign_up" for 127.0.0.1 at 2024-11-19 20:07:39 -0600
Processing by Devise::RegistrationsController#new as HTML
  Rendering layout layouts/application.html.erb
  Rendering devise/registrations/new.html.erb within layouts/application
  Rendered devise/shared/_error_messages.html.erb (Duration: 0.0ms | GC: 0.0ms)
  Rendered devise/shared/_links.html.erb (Duration: 1.5ms | GC: 0.0ms)
  Rendered devise/registrations/new.html.erb within layouts/application (Duration: 4.2ms | GC: 0.0ms)
  Rendered layout layouts/application.html.erb (Duration: 8.2ms | GC: 0.1ms)
Completed 200 OK in 10ms (Views: 8.8ms | ActiveRecord: 0.0ms (0 queries, 0 cached) | GC: 0.1ms)


Started POST "/users/sign_in" for 127.0.0.1 at 2024-11-19 20:07:40 -0600
Processing by Devise::SessionsController#create as TURBO_STREAM
  Parameters: {"authenticity_token"=>"[FILTERED]", "user"=>{"email"=>"[FILTERED]", "password"=>"[FILTERED]", "remember_me"=>"0"}, "commit"=>"Log in"}
  [1m[36mUser Load (0.2ms)[0m  [1m[34mSELECT "users".* FROM "users" WHERE "users"."email" = ? ORDER BY "users"."id" ASC LIMIT ?[0m  [["email", "[FILTERED]"], ["LIMIT", 1]]
Completed 401 Unauthorized in 50ms (ActiveRecord: 0.2ms (1 query, 0 cached) | GC: 1.1ms)


Processing by Devise::SessionsController#new as TURBO_STREAM
  Parameters: {"authenticity_token"=>"[FILTERED]", "user"=>{"email"=>"[FILTERED]", "password"=>"[FILTERED]", "remember_me"=>"0"}, "commit"=>"Log in"}
  Rendering layout layouts/application.html.erb
  Rendering devise/sessions/new.html.erb within layouts/application
  Rendered devise/shared/_links.html.erb (Duration: 0.2ms | GC: 0.0ms)
  Rendered devise/sessions/new.html.erb within layouts/application (Duration: 11.2ms | GC: 0.2ms)
  Rendered layout layouts/application.html.erb (Duration: 17.7ms | GC: 0.2ms)
Completed 200 OK in 258ms (Views: 18.3ms | ActiveRecord: 0.0ms (0 queries, 0 cached) | GC: 0.4ms)


Started GET "/users/assets/jquery.min.js" for 127.0.0.1 at 2024-11-19 20:07:40 -0600
  
ActionController::RoutingError (No route matches [GET] "/users/assets/jquery.min.js"):
  
Started GET "/users/assets/bootstrap.bundle.min.js" for 127.0.0.1 at 2024-11-19 20:07:40 -0600
  
ActionController::RoutingError (No route matches [GET] "/users/assets/bootstrap.bundle.min.js"):
  
Started GET "/users/assets/jqBootstrapValidation.js" for 127.0.0.1 at 2024-11-19 20:07:40 -0600
  
ActionController::RoutingError (No route matches [GET] "/users/assets/jqBootstrapValidation.js"):
  
Started GET "/users/assets/freelancer.min.js" for 127.0.0.1 at 2024-11-19 20:07:40 -0600
  
ActionController::RoutingError (No route matches [GET] "/users/assets/freelancer.min.js"):
  
Started GET "/" for 127.0.0.1 at 2024-11-19 20:07:50 -0600
Processing by WelcomeController#index as HTML
  Rendering layout layouts/application.html.erb
  Rendering welcome/index.html.erb within layouts/application
  Rendered welcome/index.html.erb within layouts/application (Duration: 0.7ms | GC: 0.1ms)
  Rendered layout layouts/application.html.erb (Duration: 2.5ms | GC: 0.1ms)
Completed 200 OK in 3ms (Views: 2.9ms | ActiveRecord: 0.0ms (0 queries, 0 cached) | GC: 0.1ms)


  
ActionController::RoutingError (No route matches [GET] "/assets/freelancer.min.js"):
  
Started GET "/users/sign_up" for 127.0.0.1 at 2024-11-19 20:07:51 -0600
Processing by Devise::RegistrationsController#new as HTML
  Rendering layout layouts/application.html.erb
  Rendering devise/registrations/new.html.erb within layouts/application
  Rendered devise/shared/_error_messages.html.erb (Duration: 0.0ms | GC: 0.0ms)
  Rendered devise/shared/_links.html.erb (Duration: 0.1ms | GC: 0.0ms)
  Rendered devise/registrations/new.html.erb within layouts/application (Duration: 2.2ms | GC: 0.2ms)
  Rendered layout layouts/application.html.erb (Duration: 4.3ms | GC: 0.4ms)
Completed 200 OK in 6ms (Views: 4.9ms | ActiveRecord: 0.0ms (0 queries, 0 cached) | GC: 0.4ms)


Started GET "/users/sign_up" for 127.0.0.1 at 2024-11-19 20:07:56 -0600
Processing by Devise::RegistrationsController#new as HTML
  Rendering layout layouts/application.html.erb
  Rendering devise/registrations/new.html.erb within layouts/application
  Rendered devise/shared/_error_messages.html.erb (Duration: 0.0ms | GC: 0.0ms)
  Rendered devise/shared/_links.html.erb (Duration: 0.1ms | GC: 0.0ms)
  Rendered devise/registrations/new.html.erb within layouts/application (Duration: 1.8ms | GC: 0.0ms)
  Rendered layout layouts/application.html.erb (Duration: 4.3ms | GC: 0.2ms)
Completed 200 OK in 7ms (Views: 5.4ms | ActiveRecord: 0.0ms (0 queries, 0 cached) | GC: 0.6ms)


Started GET "/users/assets/jquery.min.js" for 127.0.0.1 at 2024-11-19 20:07:56 -0600
  
ActionController::RoutingError (No route matches [GET] "/users/assets/jquery.min.js"):
  
Started GET "/users/assets/profile.png" for 127.0.0.1 at 2024-11-19 20:07:56 -0600
Started GET "/users/assets/freelancer.min.js" for 127.0.0.1 at 2024-11-19 20:07:56 -0600
  
ActionController::RoutingError (No route matches [GET] "/users/assets/profile.png"):
  
  
ActionController::RoutingError (No route matches [GET] "/users/assets/freelancer.min.js"):
  
Started GET "/users/assets/jqBootstrapValidation.js" for 127.0.0.1 at 2024-11-19 20:07:57 -0600
  
ActionController::RoutingError (No route matches [GET] "/users/assets/jqBootstrapValidation.js"):
  
Started GET "/users/assets/bootstrap.bundle.min.js" for 127.0.0.1 at 2024-11-19 20:07:57 -0600
  
ActionController::RoutingError (No route matches [GET] "/users/assets/bootstrap.bundle.min.js"):
  
Started GET "/" for 127.0.0.1 at 2024-11-19 20:07:57 -0600
Processing by WelcomeController#index as HTML
  Rendering layout layouts/application.html.erb
  Rendering welcome/index.html.erb within layouts/application
  Rendered welcome/index.html.erb within layouts/application (Duration: 1.4ms | GC: 0.0ms)
  Rendered layout layouts/application.html.erb (Duration: 20.8ms | GC: 1.9ms)
Completed 200 OK in 89ms (Views: 22.0ms | ActiveRecord: 0.0ms (0 queries, 0 cached) | GC: 7.5ms)


Started POST "/users" for 127.0.0.1 at 2024-11-19 20:08:11 -0600
Processing by Devise::RegistrationsController#create as TURBO_STREAM
  Parameters: {"authenticity_token"=>"[FILTERED]", "user"=>{"email"=>"[FILTERED]", "password"=>"[FILTERED]", "password_confirmation"=>"[FILTERED]"}, "commit"=>"Sign up"}
  [1m[36mTRANSACTION (0.1ms)[0m  [1m[36mbegin transaction[0m
  [1m[36mUser Exists? (1.8ms)[0m  [1m[34mSELECT 1 AS one FROM "users" WHERE "users"."email" = ? LIMIT ?[0m  [["email", "[FILTERED]"], ["LIMIT", 1]]
  [1m[36mUser Create (0.1ms)[0m  [1m[32mINSERT INTO "users" ("email", "encrypted_password", "reset_password_token", "reset_password_sent_at", "remember_created_at", "created_at", "updated_at") VALUES (?, ?, ?, ?, ?, ?, ?) RETURNING "id"[0m  [["email", "[FILTERED]"], ["encrypted_password", "[FILTERED]"], ["reset_password_token", "[FILTERED]"], ["reset_password_sent_at", "[FILTERED]"], ["remember_created_at", nil], ["created_at", "2024-11-20 02:08:11.542198"], ["updated_at", "2024-11-20 02:08:11.542198"]]
  [1m[36mTRANSACTION (9.1ms)[0m  [1m[36mcommit transaction[0m
Redirected to http://127.0.0.1:3000/
Completed 303 See Other in 276ms (ActiveRecord: 11.0ms (2 queries, 0 cached) | GC: 0.6ms)


Started GET "/" for 127.0.0.1 at 2024-11-19 20:08:11 -0600
Processing by WelcomeController#index as TURBO_STREAM
  Rendering layout layouts/application.html.erb
  Rendering welcome/index.html.erb within layouts/application
  [1m[36mUser Load (0.1ms)[0m  [1m[34mSELECT "users".* FROM "users" WHERE "users"."id" = ? ORDER BY "users"."id" ASC LIMIT ?[0m  [["id", 1], ["LIMIT", 1]]
  ↳ app/views/welcome/index.html.erb:23
  Rendered welcome/index.html.erb within layouts/application (Duration: 4.2ms | GC: 0.4ms)
  Rendered layout layouts/application.html.erb (Duration: 7.1ms | GC: 0.6ms)
Completed 200 OK in 8ms (Views: 7.4ms | ActiveRecord: 0.1ms (1 query, 0 cached) | GC: 0.6ms)


  
ActionController::RoutingError (No route matches [GET] "/assets/freelancer.min.js"):
  
Started GET "/articles" for 127.0.0.1 at 2024-11-19 20:08:17 -0600
Processing by ArticlesController#index as HTML
  [1m[36mUser Load (0.1ms)[0m  [1m[34mSELECT "users".* FROM "users" WHERE "users"."id" = ? ORDER BY "users"."id" ASC LIMIT ?[0m  [["id", 1], ["LIMIT", 1]]
  Rendering layout layouts/application.html.erb
  Rendering articles/index.html.erb within layouts/application
  [1m[36mArticle Load (0.2ms)[0m  [1m[34mSELECT "articles".* FROM "articles"[0m
  ↳ app/views/articles/index.html.erb:38
  Rendered articles/index.html.erb within layouts/application (Duration: 3.3ms | GC: 0.3ms)
  Rendered layout layouts/application.html.erb (Duration: 5.5ms | GC: 0.3ms)
Completed 200 OK in 28ms (Views: 6.1ms | ActiveRecord: 0.2ms (2 queries, 0 cached) | GC: 0.6ms)


  
ActionController::RoutingError (No route matches [GET] "/assets/freelancer.min.js"):
  
Started GET "/articles/new" for 127.0.0.1 at 2024-11-19 20:08:26 -0600
Processing by ArticlesController#new as HTML
  [1m[36mUser Load (0.1ms)[0m  [1m[34mSELECT "users".* FROM "users" WHERE "users"."id" = ? ORDER BY "users"."id" ASC LIMIT ?[0m  [["id", 1], ["LIMIT", 1]]
  Rendering layout layouts/application.html.erb
  Rendering articles/new.html.erb within layouts/application
  Rendered articles/_form.html.erb (Duration: 17.2ms | GC: 7.8ms)
  Rendered articles/new.html.erb within layouts/application (Duration: 21.2ms | GC: 7.8ms)
  Rendered layout layouts/application.html.erb (Duration: 24.7ms | GC: 7.8ms)
Completed 200 OK in 42ms (Views: 26.3ms | ActiveRecord: 0.4ms (1 query, 0 cached) | GC: 8.5ms)


Started GET "/articles/assets/profile.png" for 127.0.0.1 at 2024-11-19 20:08:29 -0600
  
ActionController::RoutingError (No route matches [GET] "/articles/assets/profile.png"):
  
Started GET "/articles/assets/jquery.min.js" for 127.0.0.1 at 2024-11-19 20:08:29 -0600
Started GET "/articles/assets/freelancer.min.js" for 127.0.0.1 at 2024-11-19 20:08:29 -0600
  
ActionController::RoutingError (No route matches [GET] "/articles/assets/jquery.min.js"):
  
  
ActionController::RoutingError (No route matches [GET] "/articles/assets/freelancer.min.js"):
  
Started GET "/articles/assets/jqBootstrapValidation.js" for 127.0.0.1 at 2024-11-19 20:08:30 -0600
  
ActionController::RoutingError (No route matches [GET] "/articles/assets/jqBootstrapValidation.js"):
  
Started GET "/articles/assets/bootstrap.bundle.min.js" for 127.0.0.1 at 2024-11-19 20:08:30 -0600
  
ActionController::RoutingError (No route matches [GET] "/articles/assets/bootstrap.bundle.min.js"):
  
Started POST "/articles" for 127.0.0.1 at 2024-11-19 20:09:15 -0600
Processing by ArticlesController#create as TURBO_STREAM
  Parameters: {"authenticity_token"=>"[FILTERED]", "article"=>{"title"=>"Primero", "text"=>"Carro del futuro para Nicaragua"}, "commit"=>"Create Article"}
  [1m[36mUser Load (0.1ms)[0m  [1m[34mSELECT "users".* FROM "users" WHERE "users"."id" = ? ORDER BY "users"."id" ASC LIMIT ?[0m  [["id", 1], ["LIMIT", 1]]
  [1m[36mTRANSACTION (0.1ms)[0m  [1m[36mbegin transaction[0m
  ↳ app/controllers/articles_controller.rb:12:in `create'
  [1m[36mUser Load (1.3ms)[0m  [1m[34mSELECT "users".* FROM "users" WHERE "users"."id" = ? LIMIT ?[0m  [["id", 1], ["LIMIT", 1]]
  ↳ app/controllers/articles_controller.rb:12:in `create'
  [1m[36mArticle Create (0.1ms)[0m  [1m[32mINSERT INTO "articles" ("title", "text", "created_at", "updated_at", "user_id") VALUES (?, ?, ?, ?, ?) RETURNING "id"[0m  [["title", "Primero"], ["text", "Carro del futuro para Nicaragua"], ["created_at", "2024-11-20 02:09:15.081561"], ["updated_at", "2024-11-20 02:09:15.081561"], ["user_id", 1]]
  ↳ app/controllers/articles_controller.rb:12:in `create'
  [1m[36mTRANSACTION (0.2ms)[0m  [1m[36mcommit transaction[0m
  ↳ app/controllers/articles_controller.rb:12:in `create'
Redirected to http://127.0.0.1:3000/articles/1
Completed 302 Found in 71ms (ActiveRecord: 1.9ms (3 queries, 0 cached) | GC: 0.8ms)


Started GET "/articles/1" for 127.0.0.1 at 2024-11-19 20:09:15 -0600
Processing by ArticlesController#show as TURBO_STREAM
  Parameters: {"id"=>"1"}
  [1m[36mUser Load (0.1ms)[0m  [1m[34mSELECT "users".* FROM "users" WHERE "users"."id" = ? ORDER BY "users"."id" ASC LIMIT ?[0m  [["id", 1], ["LIMIT", 1]]
  [1m[36mArticle Load (0.1ms)[0m  [1m[34mSELECT "articles".* FROM "articles" WHERE "articles"."id" = ? LIMIT ?[0m  [["id", 1], ["LIMIT", 1]]
  ↳ app/controllers/articles_controller.rb:57:in `set_post'
  [1m[36mCACHE Article Load (0.0ms)[0m  [1m[34mSELECT "articles".* FROM "articles" WHERE "articles"."id" = ? LIMIT ?[0m  [["id", 1], ["LIMIT", 1]]
  ↳ app/controllers/articles_controller.rb:33:in `show'
  Rendering layout layouts/application.html.erb
  Rendering articles/show.html.erb within layouts/application
  [1m[36mUser Load (0.1ms)[0m  [1m[34mSELECT "users".* FROM "users" WHERE "users"."id" = ? LIMIT ?[0m  [["id", 1], ["LIMIT", 1]]
  ↳ app/views/articles/show.html.erb:19
  [1m[36mComment Load (0.1ms)[0m  [1m[34mSELECT "comments".* FROM "comments" WHERE "comments"."article_id" = ?[0m  [["article_id", 1]]
  ↳ app/views/articles/show.html.erb:53
  Rendered collection of templates [0 times] (Duration: 0.0ms | GC: 0.0ms)
  Rendered comments/_form.html.erb (Duration: 5.7ms | GC: 0.5ms)
  Rendered articles/show.html.erb within layouts/application (Duration: 56.0ms | GC: 1.7ms)
  Rendered layout layouts/application.html.erb (Duration: 58.6ms | GC: 1.9ms)
Completed 200 OK in 82ms (Views: 59.0ms | ActiveRecord: 0.7ms (5 queries, 1 cached) | GC: 2.4ms)


Started GET "/articles/assets/profile.png" for 127.0.0.1 at 2024-11-19 20:09:15 -0600
  
ActionController::RoutingError (No route matches [GET] "/articles/assets/profile.png"):
  
Started GET "/articles/assets/jquery.min.js" for 127.0.0.1 at 2024-11-19 20:09:15 -0600
Started GET "/articles/assets/bootstrap.bundle.min.js" for 127.0.0.1 at 2024-11-19 20:09:15 -0600
  
ActionController::RoutingError (No route matches [GET] "/articles/assets/bootstrap.bundle.min.js"):
  
Started GET "/articles/assets/freelancer.min.js" for 127.0.0.1 at 2024-11-19 20:09:15 -0600
  
ActionController::RoutingError (No route matches [GET] "/articles/assets/freelancer.min.js"):
  
  
ActionController::RoutingError (No route matches [GET] "/articles/assets/jquery.min.js"):
  
Started GET "/articles/assets/jqBootstrapValidation.js" for 127.0.0.1 at 2024-11-19 20:09:15 -0600
  
ActionController::RoutingError (No route matches [GET] "/articles/assets/jqBootstrapValidation.js"):
  
Started POST "/articles/1/comments" for 127.0.0.1 at 2024-11-19 20:10:11 -0600
Processing by CommentsController#create as TURBO_STREAM
  Parameters: {"authenticity_token"=>"[FILTERED]", "comment"=>{"commenter"=>"El mejor y garantizado", "body"=>"El mejor y garantizado"}, "commit"=>"Create Comment", "article_id"=>"1"}
  [1m[36mArticle Load (0.1ms)[0m  [1m[34mSELECT "articles".* FROM "articles" WHERE "articles"."id" = ? LIMIT ?[0m  [["id", 1], ["LIMIT", 1]]
  ↳ app/controllers/comments_controller.rb:3:in `create'
  [1m[36mUser Load (0.1ms)[0m  [1m[34mSELECT "users".* FROM "users" WHERE "users"."id" = ? ORDER BY "users"."id" ASC LIMIT ?[0m  [["id", 1], ["LIMIT", 1]]
  ↳ app/controllers/comments_controller.rb:5:in `create'
  [1m[36mTRANSACTION (0.1ms)[0m  [1m[36mbegin transaction[0m
  ↳ app/controllers/comments_controller.rb:7:in `create'
  [1m[36mComment Create (1.2ms)[0m  [1m[32mINSERT INTO "comments" ("commenter", "body", "article_id", "created_at", "updated_at", "user_id") VALUES (?, ?, ?, ?, ?, ?) RETURNING "id"[0m  [["commenter", "El mejor y garantizado"], ["body", "El mejor y garantizado"], ["article_id", 1], ["created_at", "2024-11-20 02:10:11.352765"], ["updated_at", "2024-11-20 02:10:11.352765"], ["user_id", 1]]
  ↳ app/controllers/comments_controller.rb:7:in `create'
  [1m[36mTRANSACTION (0.3ms)[0m  [1m[36mcommit transaction[0m
  ↳ app/controllers/comments_controller.rb:7:in `create'
Redirected to http://127.0.0.1:3000/articles/1
Completed 302 Found in 13ms (ActiveRecord: 1.7ms (3 queries, 0 cached) | GC: 0.9ms)


Started GET "/articles/1" for 127.0.0.1 at 2024-11-19 20:10:11 -0600
Processing by ArticlesController#show as TURBO_STREAM
  Parameters: {"id"=>"1"}
  [1m[36mUser Load (0.1ms)[0m  [1m[34mSELECT "users".* FROM "users" WHERE "users"."id" = ? ORDER BY "users"."id" ASC LIMIT ?[0m  [["id", 1], ["LIMIT", 1]]
  [1m[36mArticle Load (0.1ms)[0m  [1m[34mSELECT "articles".* FROM "articles" WHERE "articles"."id" = ? LIMIT ?[0m  [["id", 1], ["LIMIT", 1]]
  ↳ app/controllers/articles_controller.rb:57:in `set_post'
  [1m[36mCACHE Article Load (0.0ms)[0m  [1m[34mSELECT "articles".* FROM "articles" WHERE "articles"."id" = ? LIMIT ?[0m  [["id", 1], ["LIMIT", 1]]
  ↳ app/controllers/articles_controller.rb:33:in `show'
  Rendering layout layouts/application.html.erb
  Rendering articles/show.html.erb within layouts/application
  [1m[36mUser Load (0.1ms)[0m  [1m[34mSELECT "users".* FROM "users" WHERE "users"."id" = ? LIMIT ?[0m  [["id", 1], ["LIMIT", 1]]
  ↳ app/views/articles/show.html.erb:19
  [1m[36mComment Load (0.1ms)[0m  [1m[34mSELECT "comments".* FROM "comments" WHERE "comments"."article_id" = ?[0m  [["article_id", 1]]
  ↳ app/views/articles/show.html.erb:53
  Rendered collection of comments/_comment.html.erb [1 times] (Duration: 1.9ms | GC: 0.2ms)
  Rendered comments/_form.html.erb (Duration: 0.9ms | GC: 0.0ms)
  Rendered articles/show.html.erb within layouts/application (Duration: 8.0ms | GC: 0.2ms)
  Rendered layout layouts/application.html.erb (Duration: 9.8ms | GC: 0.4ms)
Completed 200 OK in 20ms (Views: 10.5ms | ActiveRecord: 0.3ms (5 queries, 1 cached) | GC: 0.9ms)


Started GET "/articles/assets/jquery.min.js" for 127.0.0.1 at 2024-11-19 20:10:11 -0600
  
ActionController::RoutingError (No route matches [GET] "/articles/assets/jquery.min.js"):
  
Started GET "/articles/assets/freelancer.min.js" for 127.0.0.1 at 2024-11-19 20:10:11 -0600
  
ActionController::RoutingError (No route matches [GET] "/articles/assets/freelancer.min.js"):
  
Started GET "/articles/assets/jqBootstrapValidation.js" for 127.0.0.1 at 2024-11-19 20:10:11 -0600
  
ActionController::RoutingError (No route matches [GET] "/articles/assets/jqBootstrapValidation.js"):
  
Started GET "/articles/assets/bootstrap.bundle.min.js" for 127.0.0.1 at 2024-11-19 20:10:11 -0600
  
ActionController::RoutingError (No route matches [GET] "/articles/assets/bootstrap.bundle.min.js"):
  
Started GET "/articles/assets/profile.png" for 127.0.0.1 at 2024-11-19 20:10:11 -0600
  
ActionController::RoutingError (No route matches [GET] "/articles/assets/profile.png"):
  
Started GET "/articles" for 127.0.0.1 at 2024-11-19 20:10:29 -0600
Processing by ArticlesController#index as HTML
  [1m[36mUser Load (0.1ms)[0m  [1m[34mSELECT "users".* FROM "users" WHERE "users"."id" = ? ORDER BY "users"."id" ASC LIMIT ?[0m  [["id", 1], ["LIMIT", 1]]
  Rendering layout layouts/application.html.erb
  Rendering articles/index.html.erb within layouts/application
  [1m[36mArticle Load (0.1ms)[0m  [1m[34mSELECT "articles".* FROM "articles"[0m
  ↳ app/views/articles/index.html.erb:38
  [1m[36mUser Load (0.1ms)[0m  [1m[34mSELECT "users".* FROM "users" WHERE "users"."id" = ? LIMIT ?[0m  [["id", 1], ["LIMIT", 1]]
  ↳ app/views/articles/index.html.erb:42
  Rendered articles/index.html.erb within layouts/application (Duration: 3.1ms | GC: 0.2ms)
  Rendered layout layouts/application.html.erb (Duration: 5.7ms | GC: 0.5ms)
Completed 200 OK in 9ms (Views: 6.0ms | ActiveRecord: 0.2ms (3 queries, 0 cached) | GC: 0.5ms)


Started GET "/articles/1/edit" for 127.0.0.1 at 2024-11-19 20:10:31 -0600
Processing by ArticlesController#edit as HTML
  Parameters: {"id"=>"1"}
  [1m[36mUser Load (0.1ms)[0m  [1m[34mSELECT "users".* FROM "users" WHERE "users"."id" = ? ORDER BY "users"."id" ASC LIMIT ?[0m  [["id", 1], ["LIMIT", 1]]
  [1m[36mArticle Load (0.1ms)[0m  [1m[34mSELECT "articles".* FROM "articles" WHERE "articles"."id" = ? LIMIT ?[0m  [["id", 1], ["LIMIT", 1]]
  ↳ app/controllers/articles_controller.rb:57:in `set_post'
  [1m[36mCACHE Article Load (0.0ms)[0m  [1m[34mSELECT "articles".* FROM "articles" WHERE "articles"."id" = ? LIMIT ?[0m  [["id", 1], ["LIMIT", 1]]
  ↳ app/controllers/articles_controller.rb:41:in `edit'
  Rendering layout layouts/application.html.erb
  Rendering articles/edit.html.erb within layouts/application
  Rendered articles/_form.html.erb (Duration: 1.3ms | GC: 0.2ms)
  Rendered articles/edit.html.erb within layouts/application (Duration: 10.1ms | GC: 0.2ms)
  Rendered layout layouts/application.html.erb (Duration: 12.4ms | GC: 0.2ms)
Completed 200 OK in 43ms (Views: 17.2ms | ActiveRecord: 0.2ms (3 queries, 1 cached) | GC: 0.5ms)


Started GET "/articles" for 127.0.0.1 at 2024-11-19 20:10:32 -0600
Processing by ArticlesController#index as HTML
  [1m[36mUser Load (0.1ms)[0m  [1m[34mSELECT "users".* FROM "users" WHERE "users"."id" = ? ORDER BY "users"."id" ASC LIMIT ?[0m  [["id", 1], ["LIMIT", 1]]
  Rendering layout layouts/application.html.erb
  Rendering articles/index.html.erb within layouts/application
  [1m[36mArticle Load (0.1ms)[0m  [1m[34mSELECT "articles".* FROM "articles"[0m
  ↳ app/views/articles/index.html.erb:38
  [1m[36mUser Load (0.1ms)[0m  [1m[34mSELECT "users".* FROM "users" WHERE "users"."id" = ? LIMIT ?[0m  [["id", 1], ["LIMIT", 1]]
  ↳ app/views/articles/index.html.erb:42
  Rendered articles/index.html.erb within layouts/application (Duration: 6.9ms | GC: 0.2ms)
  Rendered layout layouts/application.html.erb (Duration: 10.8ms | GC: 0.2ms)
Completed 200 OK in 17ms (Views: 11.1ms | ActiveRecord: 0.3ms (3 queries, 0 cached) | GC: 0.4ms)


Started GET "/" for 127.0.0.1 at 2024-11-19 20:10:32 -0600
Processing by WelcomeController#index as HTML
  Rendering layout layouts/application.html.erb
  Rendering welcome/index.html.erb within layouts/application
  [1m[36mUser Load (0.1ms)[0m  [1m[34mSELECT "users".* FROM "users" WHERE "users"."id" = ? ORDER BY "users"."id" ASC LIMIT ?[0m  [["id", 1], ["LIMIT", 1]]
  ↳ app/views/welcome/index.html.erb:23
  Rendered welcome/index.html.erb within layouts/application (Duration: 13.6ms | GC: 0.0ms)
  Rendered layout layouts/application.html.erb (Duration: 16.2ms | GC: 0.2ms)
Completed 200 OK in 23ms (Views: 21.8ms | ActiveRecord: 0.1ms (1 query, 0 cached) | GC: 0.4ms)


  
ActionController::RoutingError (No route matches [GET] "/assets/freelancer.min.js"):
  
Started GET "/articles/1" for 127.0.0.1 at 2024-11-19 20:10:46 -0600
Processing by ArticlesController#show as HTML
  Parameters: {"id"=>"1"}
  [1m[36mUser Load (0.2ms)[0m  [1m[34mSELECT "users".* FROM "users" WHERE "users"."id" = ? ORDER BY "users"."id" ASC LIMIT ?[0m  [["id", 1], ["LIMIT", 1]]
  [1m[36mArticle Load (0.1ms)[0m  [1m[34mSELECT "articles".* FROM "articles" WHERE "articles"."id" = ? LIMIT ?[0m  [["id", 1], ["LIMIT", 1]]
  ↳ app/controllers/articles_controller.rb:57:in `set_post'
  [1m[36mCACHE Article Load (0.0ms)[0m  [1m[34mSELECT "articles".* FROM "articles" WHERE "articles"."id" = ? LIMIT ?[0m  [["id", 1], ["LIMIT", 1]]
  ↳ app/controllers/articles_controller.rb:33:in `show'
  Rendering layout layouts/application.html.erb
  Rendering articles/show.html.erb within layouts/application
  [1m[36mUser Load (0.2ms)[0m  [1m[34mSELECT "users".* FROM "users" WHERE "users"."id" = ? LIMIT ?[0m  [["id", 1], ["LIMIT", 1]]
  ↳ app/views/articles/show.html.erb:19
  [1m[36mComment Load (0.2ms)[0m  [1m[34mSELECT "comments".* FROM "comments" WHERE "comments"."article_id" = ?[0m  [["article_id", 1]]
  ↳ app/views/articles/show.html.erb:53
  Rendered collection of comments/_comment.html.erb [1 times] (Duration: 0.8ms | GC: 0.0ms)
  Rendered comments/_form.html.erb (Duration: 13.2ms | GC: 0.0ms)
  Rendered articles/show.html.erb within layouts/application (Duration: 24.7ms | GC: 0.3ms)
  Rendered layout layouts/application.html.erb (Duration: 26.9ms | GC: 0.4ms)
Completed 200 OK in 39ms (Views: 27.1ms | ActiveRecord: 0.5ms (5 queries, 1 cached) | GC: 0.6ms)


Started GET "/articles/assets/jquery.min.js" for 127.0.0.1 at 2024-11-19 20:10:47 -0600
Started GET "/articles/assets/bootstrap.bundle.min.js" for 127.0.0.1 at 2024-11-19 20:10:47 -0600
  
ActionController::RoutingError (No route matches [GET] "/articles/assets/bootstrap.bundle.min.js"):
  
Started GET "/articles/assets/jqBootstrapValidation.js" for 127.0.0.1 at 2024-11-19 20:10:47 -0600
  
ActionController::RoutingError (No route matches [GET] "/articles/assets/jqBootstrapValidation.js"):
  
  
ActionController::RoutingError (No route matches [GET] "/articles/assets/jquery.min.js"):
  
Started GET "/articles/assets/jqBootstrapValidation.js" for 127.0.0.1 at 2024-11-19 20:10:47 -0600
Started GET "/articles/assets/freelancer.min.js" for 127.0.0.1 at 2024-11-19 20:10:47 -0600
Started GET "/articles/assets/profile.png" for 127.0.0.1 at 2024-11-19 20:10:47 -0600
  
ActionController::RoutingError (No route matches [GET] "/articles/assets/jqBootstrapValidation.js"):
  
  
ActionController::RoutingError (No route matches [GET] "/articles/assets/profile.png"):
  
  
ActionController::RoutingError (No route matches [GET] "/articles/assets/freelancer.min.js"):
  
Started GET "/articles/assets/freelancer.min.js" for 127.0.0.1 at 2024-11-19 20:10:47 -0600
  
ActionController::RoutingError (No route matches [GET] "/articles/assets/freelancer.min.js"):
  
Started GET "/articles/assets/jquery.min.js" for 127.0.0.1 at 2024-11-19 20:10:47 -0600
  
ActionController::RoutingError (No route matches [GET] "/articles/assets/jquery.min.js"):
  
Started GET "/articles/assets/bootstrap.bundle.min.js" for 127.0.0.1 at 2024-11-19 20:10:48 -0600
  
ActionController::RoutingError (No route matches [GET] "/articles/assets/bootstrap.bundle.min.js"):
  
Started GET "/articles" for 127.0.0.1 at 2024-11-19 20:10:52 -0600
Processing by ArticlesController#index as HTML
  [1m[36mUser Load (0.1ms)[0m  [1m[34mSELECT "users".* FROM "users" WHERE "users"."id" = ? ORDER BY "users"."id" ASC LIMIT ?[0m  [["id", 1], ["LIMIT", 1]]
  Rendering layout layouts/application.html.erb
  Rendering articles/index.html.erb within layouts/application
  [1m[36mArticle Load (0.1ms)[0m  [1m[34mSELECT "articles".* FROM "articles"[0m
  ↳ app/views/articles/index.html.erb:38
  [1m[36mUser Load (0.1ms)[0m  [1m[34mSELECT "users".* FROM "users" WHERE "users"."id" = ? LIMIT ?[0m  [["id", 1], ["LIMIT", 1]]
  ↳ app/views/articles/index.html.erb:42
  Rendered articles/index.html.erb within layouts/application (Duration: 16.2ms | GC: 0.0ms)
  Rendered layout layouts/application.html.erb (Duration: 28.7ms | GC: 0.2ms)
Completed 200 OK in 34ms (Views: 29.2ms | ActiveRecord: 0.3ms (3 queries, 0 cached) | GC: 0.4ms)


  
ActionController::RoutingError (No route matches [GET] "/assets/freelancer.min.js"):
  
  
ActionController::RoutingError (No route matches [GET] "/assets/freelancer.min.js"):
  
Started GET "/" for 127.0.0.1 at 2024-11-19 20:10:53 -0600
Processing by WelcomeController#index as HTML
  Rendering layout layouts/application.html.erb
  Rendering welcome/index.html.erb within layouts/application
  [1m[36mUser Load (0.1ms)[0m  [1m[34mSELECT "users".* FROM "users" WHERE "users"."id" = ? ORDER BY "users"."id" ASC LIMIT ?[0m  [["id", 1], ["LIMIT", 1]]
  ↳ app/views/welcome/index.html.erb:23
  Rendered welcome/index.html.erb within layouts/application (Duration: 2.7ms | GC: 0.1ms)
  Rendered layout layouts/application.html.erb (Duration: 57.1ms | GC: 5.8ms)
Completed 200 OK in 59ms (Views: 58.4ms | ActiveRecord: 0.1ms (1 query, 0 cached) | GC: 5.8ms)


Started GET "/articles/1/edit" for 127.0.0.1 at 2024-11-19 20:10:54 -0600
Processing by ArticlesController#edit as HTML
  Parameters: {"id"=>"1"}
  [1m[36mUser Load (0.1ms)[0m  [1m[34mSELECT "users".* FROM "users" WHERE "users"."id" = ? ORDER BY "users"."id" ASC LIMIT ?[0m  [["id", 1], ["LIMIT", 1]]
  [1m[36mArticle Load (0.1ms)[0m  [1m[34mSELECT "articles".* FROM "articles" WHERE "articles"."id" = ? LIMIT ?[0m  [["id", 1], ["LIMIT", 1]]
  ↳ app/controllers/articles_controller.rb:57:in `set_post'
  [1m[36mCACHE Article Load (0.0ms)[0m  [1m[34mSELECT "articles".* FROM "articles" WHERE "articles"."id" = ? LIMIT ?[0m  [["id", 1], ["LIMIT", 1]]
  ↳ app/controllers/articles_controller.rb:41:in `edit'
  Rendering layout layouts/application.html.erb
  Rendering articles/edit.html.erb within layouts/application
  Rendered articles/_form.html.erb (Duration: 3.6ms | GC: 0.0ms)
  Rendered articles/edit.html.erb within layouts/application (Duration: 6.0ms | GC: 0.0ms)
  Rendered layout layouts/application.html.erb (Duration: 8.3ms | GC: 0.2ms)
Completed 200 OK in 15ms (Views: 9.2ms | ActiveRecord: 0.2ms (3 queries, 1 cached) | GC: 0.5ms)


Started GET "/articles/1/assets/profile.png" for 127.0.0.1 at 2024-11-19 20:10:54 -0600
Started GET "/articles/1/assets/jquery.min.js" for 127.0.0.1 at 2024-11-19 20:10:54 -0600
  
ActionController::RoutingError (No route matches [GET] "/articles/1/assets/profile.png"):
  
Started GET "/articles/1/assets/bootstrap.bundle.min.js" for 127.0.0.1 at 2024-11-19 20:10:54 -0600
  
ActionController::RoutingError (No route matches [GET] "/articles/1/assets/bootstrap.bundle.min.js"):
  
  
ActionController::RoutingError (No route matches [GET] "/articles/1/assets/jquery.min.js"):
  
Started GET "/articles/1/assets/freelancer.min.js" for 127.0.0.1 at 2024-11-19 20:10:55 -0600
  
ActionController::RoutingError (No route matches [GET] "/articles/1/assets/freelancer.min.js"):
  
Started GET "/articles/1/assets/jqBootstrapValidation.js" for 127.0.0.1 at 2024-11-19 20:10:55 -0600
  
ActionController::RoutingError (No route matches [GET] "/articles/1/assets/jqBootstrapValidation.js"):
  
Started GET "/articles" for 127.0.0.1 at 2024-11-19 20:10:59 -0600
Processing by ArticlesController#index as HTML
  [1m[36mUser Load (1.1ms)[0m  [1m[34mSELECT "users".* FROM "users" WHERE "users"."id" = ? ORDER BY "users"."id" ASC LIMIT ?[0m  [["id", 1], ["LIMIT", 1]]
  Rendering layout layouts/application.html.erb
  Rendering articles/index.html.erb within layouts/application
  [1m[36mArticle Load (0.1ms)[0m  [1m[34mSELECT "articles".* FROM "articles"[0m
  ↳ app/views/articles/index.html.erb:38
  [1m[36mUser Load (0.2ms)[0m  [1m[34mSELECT "users".* FROM "users" WHERE "users"."id" = ? LIMIT ?[0m  [["id", 1], ["LIMIT", 1]]
  ↳ app/views/articles/index.html.erb:42
  Rendered articles/index.html.erb within layouts/application (Duration: 9.5ms | GC: 0.2ms)
  Rendered layout layouts/application.html.erb (Duration: 13.5ms | GC: 0.2ms)
Completed 200 OK in 21ms (Views: 13.8ms | ActiveRecord: 1.3ms (3 queries, 0 cached) | GC: 0.7ms)


  
ActionController::RoutingError (No route matches [GET] "/assets/freelancer.min.js"):
  
  
ActionController::RoutingError (No route matches [GET] "/assets/freelancer.min.js"):
  
Started GET "/" for 127.0.0.1 at 2024-11-19 20:11:01 -0600
Processing by WelcomeController#index as HTML
  Rendering layout layouts/application.html.erb
  Rendering welcome/index.html.erb within layouts/application
  [1m[36mUser Load (0.1ms)[0m  [1m[34mSELECT "users".* FROM "users" WHERE "users"."id" = ? ORDER BY "users"."id" ASC LIMIT ?[0m  [["id", 1], ["LIMIT", 1]]
  ↳ app/views/welcome/index.html.erb:23
  Rendered welcome/index.html.erb within layouts/application (Duration: 8.9ms | GC: 0.2ms)
  Rendered layout layouts/application.html.erb (Duration: 17.5ms | GC: 0.5ms)
Completed 200 OK in 33ms (Views: 18.0ms | ActiveRecord: 0.1ms (1 query, 0 cached) | GC: 0.5ms)


Started DELETE "/articles/1" for 127.0.0.1 at 2024-11-19 20:11:02 -0600
Processing by ArticlesController#destroy as TURBO_STREAM
  Parameters: {"authenticity_token"=>"[FILTERED]", "id"=>"1"}
  [1m[36mUser Load (0.1ms)[0m  [1m[34mSELECT "users".* FROM "users" WHERE "users"."id" = ? ORDER BY "users"."id" ASC LIMIT ?[0m  [["id", 1], ["LIMIT", 1]]
  [1m[36mArticle Load (0.1ms)[0m  [1m[34mSELECT "articles".* FROM "articles" WHERE "articles"."id" = ? LIMIT ?[0m  [["id", 1], ["LIMIT", 1]]
  ↳ app/controllers/articles_controller.rb:57:in `set_post'
No template found for ArticlesController#destroy, rendering head :no_content
Completed 204 No Content in 5ms (ActiveRecord: 0.2ms (2 queries, 0 cached) | GC: 0.2ms)


Started DELETE "/articles/1" for 127.0.0.1 at 2024-11-19 20:11:07 -0600
Processing by ArticlesController#destroy as TURBO_STREAM
  Parameters: {"authenticity_token"=>"[FILTERED]", "id"=>"1"}
  [1m[36mUser Load (0.7ms)[0m  [1m[34mSELECT "users".* FROM "users" WHERE "users"."id" = ? ORDER BY "users"."id" ASC LIMIT ?[0m  [["id", 1], ["LIMIT", 1]]
  [1m[36mArticle Load (0.1ms)[0m  [1m[34mSELECT "articles".* FROM "articles" WHERE "articles"."id" = ? LIMIT ?[0m  [["id", 1], ["LIMIT", 1]]
  ↳ app/controllers/articles_controller.rb:57:in `set_post'
  [1m[36mCACHE Article Load (0.0ms)[0m  [1m[34mSELECT "articles".* FROM "articles" WHERE "articles"."id" = ? LIMIT ?[0m  [["id", 1], ["LIMIT", 1]]
  ↳ app/controllers/articles_controller.rb:21:in `destroy'
  [1m[36mUser Load (0.1ms)[0m  [1m[34mSELECT "users".* FROM "users" WHERE "users"."id" = ? LIMIT ?[0m  [["id", 1], ["LIMIT", 1]]
  ↳ app/controllers/articles_controller.rb:23:in `destroy'
  [1m[36mTRANSACTION (0.0ms)[0m  [1m[36mbegin transaction[0m
  ↳ app/controllers/articles_controller.rb:24:in `destroy'
  [1m[36mComment Load (1.1ms)[0m  [1m[34mSELECT "comments".* FROM "comments" WHERE "comments"."article_id" = ?[0m  [["article_id", 1]]
  ↳ app/controllers/articles_controller.rb:24:in `destroy'
  [1m[36mComment Destroy (0.1ms)[0m  [1m[31mDELETE FROM "comments" WHERE "comments"."id" = ?[0m  [["id", 1]]
  ↳ app/controllers/articles_controller.rb:24:in `destroy'
  [1m[36mArticle Destroy (0.1ms)[0m  [1m[31mDELETE FROM "articles" WHERE "articles"."id" = ?[0m  [["id", 1]]
  ↳ app/controllers/articles_controller.rb:24:in `destroy'
  [1m[36mTRANSACTION (0.3ms)[0m  [1m[36mcommit transaction[0m
  ↳ app/controllers/articles_controller.rb:24:in `destroy'
Redirected to http://127.0.0.1:3000/articles
Completed 302 Found in 20ms (ActiveRecord: 2.3ms (7 queries, 1 cached) | GC: 3.8ms)


Started GET "/articles" for 127.0.0.1 at 2024-11-19 20:11:07 -0600
Processing by ArticlesController#index as TURBO_STREAM
  [1m[36mUser Load (0.1ms)[0m  [1m[34mSELECT "users".* FROM "users" WHERE "users"."id" = ? ORDER BY "users"."id" ASC LIMIT ?[0m  [["id", 1], ["LIMIT", 1]]
  Rendering layout layouts/application.html.erb
  Rendering articles/index.html.erb within layouts/application
  [1m[36mArticle Load (0.1ms)[0m  [1m[34mSELECT "articles".* FROM "articles"[0m
  ↳ app/views/articles/index.html.erb:38
  Rendered articles/index.html.erb within layouts/application (Duration: 2.3ms | GC: 0.0ms)
  Rendered layout layouts/application.html.erb (Duration: 4.9ms | GC: 0.2ms)
Completed 200 OK in 14ms (Views: 5.3ms | ActiveRecord: 0.2ms (2 queries, 0 cached) | GC: 0.7ms)


  
ActionController::RoutingError (No route matches [GET] "/assets/freelancer.min.js"):
  
Started GET "/articles/1/edit" for 127.0.0.1 at 2024-11-19 20:11:21 -0600
Processing by ArticlesController#edit as HTML
  Parameters: {"id"=>"1"}
  [1m[36mUser Load (0.1ms)[0m  [1m[34mSELECT "users".* FROM "users" WHERE "users"."id" = ? ORDER BY "users"."id" ASC LIMIT ?[0m  [["id", 1], ["LIMIT", 1]]
  [1m[36mArticle Load (0.1ms)[0m  [1m[34mSELECT "articles".* FROM "articles" WHERE "articles"."id" = ? LIMIT ?[0m  [["id", 1], ["LIMIT", 1]]
  ↳ app/controllers/articles_controller.rb:57:in `set_post'
Completed 404 Not Found in 6ms (ActiveRecord: 0.1ms (2 queries, 0 cached) | GC: 0.2ms)


  
ActiveRecord::RecordNotFound (Couldn't find Article with 'id'=1):
  
app/controllers/articles_controller.rb:57:in `set_post'
Started GET "/" for 127.0.0.1 at 2024-11-19 20:11:33 -0600
Processing by WelcomeController#index as HTML
  Rendering layout layouts/application.html.erb
  Rendering welcome/index.html.erb within layouts/application
  Rendered welcome/index.html.erb within layouts/application (Duration: 1.1ms | GC: 0.0ms)
  Rendered layout layouts/application.html.erb (Duration: 16.1ms | GC: 0.3ms)
Completed 200 OK in 19ms (Views: 18.4ms | ActiveRecord: 0.0ms (0 queries, 0 cached) | GC: 0.3ms)


  
ActionController::RoutingError (No route matches [GET] "/assets/freelancer.min.js"):
  
Started GET "/fonts/fontawesome-webfont.woff2?v=4.7.0" for 127.0.0.1 at 2024-11-19 20:11:34 -0600
  
ActionController::RoutingError (No route matches [GET] "/fonts/fontawesome-webfont.woff2"):
  
  
ActionController::RoutingError (No route matches [GET] "/assets/freelancer.min.js"):
  
Started GET "/fonts/fontawesome-webfont.woff?v=4.7.0" for 127.0.0.1 at 2024-11-19 20:11:34 -0600
  
ActionController::RoutingError (No route matches [GET] "/fonts/fontawesome-webfont.woff"):
  
Started GET "/fonts/fontawesome-webfont.ttf?v=4.7.0" for 127.0.0.1 at 2024-11-19 20:11:35 -0600
  
ActionController::RoutingError (No route matches [GET] "/fonts/fontawesome-webfont.ttf"):
  
